<?xml version="1.0" encoding="UTF-8"?>
<!-- Generated by org.testng.reporters.JUnitReportReporter -->
<testsuite hostname="DESKTOP-JCSSE19" failures="0" tests="2" name="Tests.HomePage" time="23.736" errors="0" timestamp="11 Mar 2021 21:24:15 GMT">
  <testcase classname="Tests.HomePage" name="basePageNavigation" time="9.497"/>
  <testcase classname="Tests.HomePage" name="basePageNavigation" time="14.239"/>
</testsuite> <!-- Tests.HomePage -->
