<?xml version="1.0" encoding="UTF-8"?>
<!-- Generated by org.testng.reporters.JUnitReportReporter -->
<testsuite hostname="DESKTOP-JCSSE19" failures="0" tests="1" name="Tests.ValidateHomePageTexts" time="2.956" errors="0" timestamp="4 Mar 2021 21:21:33 GMT">
  <testcase classname="Tests.ValidateHomePageTexts" name="textValidation" time="2.956"/>
</testsuite> <!-- Tests.ValidateHomePageTexts -->
