<?xml version="1.0" encoding="UTF-8"?>
<!-- Generated by org.testng.reporters.JUnitReportReporter -->
<testsuite hostname="DESKTOP-JCSSE19" failures="0" tests="1" name="Tests.ValidateHomePageTexts" time="3.581" errors="0" timestamp="2 Mar 2021 22:14:09 GMT">
  <testcase classname="Tests.ValidateHomePageTexts" name="textValidation" time="3.581"/>
</testsuite> <!-- Tests.ValidateHomePageTexts -->
