<?xml version="1.0" encoding="UTF-8"?>
<!-- Generated by org.testng.reporters.JUnitReportReporter -->
<testsuite hostname="DESKTOP-JCSSE19" failures="0" tests="1" name="Tests.CalendarTest" time="8.722" errors="0" timestamp="4 Mar 2021 21:25:57 GMT">
  <testcase classname="Tests.CalendarTest" name="calendarTest" time="8.722"/>
</testsuite> <!-- Tests.CalendarTest -->
