<?xml version="1.0" encoding="UTF-8"?>
<!-- Generated by org.testng.reporters.JUnitReportReporter -->
<testsuite hostname="DESKTOP-JCSSE19" failures="0" tests="1" name="Tests.CalendarTest" time="13.329" errors="0" timestamp="2 Mar 2021 22:09:54 GMT">
  <testcase classname="Tests.CalendarTest" name="calendarTest" time="13.329"/>
</testsuite> <!-- Tests.CalendarTest -->
