<?xml version="1.0" encoding="UTF-8"?>
<!-- Generated by org.testng.reporters.JUnitReportReporter -->
<testsuite hostname="DESKTOP-JCSSE19" failures="0" tests="1" name="Tests.CalendarTest" time="6.634" errors="0" timestamp="11 Mar 2021 21:24:15 GMT">
  <testcase classname="Tests.CalendarTest" name="calendarTest" time="6.634"/>
</testsuite> <!-- Tests.CalendarTest -->
