<?xml version="1.0" encoding="UTF-8"?>
<!-- Generated by org.testng.reporters.JUnitReportReporter -->
<testsuite hostname="DESKTOP-JCSSE19" failures="0" tests="1" name="Tests.ValidateHomePageTexts" time="6.099" errors="0" timestamp="1 Mar 2021 21:13:01 GMT">
  <testcase classname="Tests.ValidateHomePageTexts" name="textValidation" time="6.099"/>
</testsuite> <!-- Tests.ValidateHomePageTexts -->
