<?xml version="1.0" encoding="UTF-8"?>
<!-- Generated by org.testng.reporters.JUnitReportReporter -->
<testsuite hostname="DESKTOP-JCSSE19" failures="0" tests="1" name="Tests.HomesTab" time="7.373" errors="0" timestamp="23 Mar 2021 21:36:02 GMT">
  <testcase classname="Tests.HomesTab" name="calendarTest" time="7.373"/>
</testsuite> <!-- Tests.HomesTab -->
