<?xml version="1.0" encoding="UTF-8"?>
<!-- Generated by org.testng.reporters.JUnitReportReporter -->
<testsuite hostname="DESKTOP-JCSSE19" failures="0" tests="1" name="Tests.ValidateHomePageTexts" time="3.497" errors="0" timestamp="3 Mar 2021 17:01:11 GMT">
  <testcase classname="Tests.ValidateHomePageTexts" name="textValidation" time="3.497"/>
</testsuite> <!-- Tests.ValidateHomePageTexts -->
