<?xml version="1.0" encoding="UTF-8"?>
<!-- Generated by org.testng.reporters.JUnitReportReporter -->
<testsuite hostname="DESKTOP-JCSSE19" failures="0" tests="2" name="Tests.HomePage" time="32.070" errors="0" timestamp="2 Mar 2021 20:35:03 GMT">
  <testcase classname="Tests.HomePage" name="basePageNavigation" time="17.786"/>
  <testcase classname="Tests.HomePage" name="basePageNavigation" time="14.284"/>
</testsuite> <!-- Tests.HomePage -->
