<?xml version="1.0" encoding="UTF-8"?>
<!-- Generated by org.testng.reporters.JUnitReportReporter -->
<testsuite hostname="DESKTOP-JCSSE19" failures="0" tests="2" name="Tests.HomePage" time="32.103" errors="0" timestamp="2 Mar 2021 20:38:21 GMT">
  <testcase classname="Tests.HomePage" name="basePageNavigation" time="17.404"/>
  <testcase classname="Tests.HomePage" name="basePageNavigation" time="14.699"/>
</testsuite> <!-- Tests.HomePage -->
