<?xml version="1.0" encoding="UTF-8"?>
<!-- Generated by org.testng.reporters.JUnitReportReporter -->
<testsuite hostname="DESKTOP-JCSSE19" failures="0" tests="2" name="Tests.HomePage" time="18.884" errors="0" timestamp="4 Mar 2021 21:26:36 GMT">
  <testcase classname="Tests.HomePage" name="basePageNavigation" time="9.739"/>
  <testcase classname="Tests.HomePage" name="basePageNavigation" time="9.145"/>
</testsuite> <!-- Tests.HomePage -->
