<?xml version="1.0" encoding="UTF-8"?>
<!-- Generated by org.testng.reporters.JUnitReportReporter -->
<testsuite hostname="DESKTOP-JCSSE19" failures="0" tests="1" name="Tests.LoginTest" time="14.264" errors="0" timestamp="1 Mar 2021 21:16:58 GMT">
  <testcase classname="Tests.LoginTest" name="loginTest" time="14.264"/>
</testsuite> <!-- Tests.LoginTest -->
