<?xml version="1.0" encoding="UTF-8"?>
<!-- Generated by org.testng.reporters.JUnitReportReporter -->
<testsuite hostname="DESKTOP-JCSSE19" failures="0" tests="1" name="Tests.HomesTab" time="10.997" errors="0" timestamp="2021-04-08T23:18:57 CEST" skipped="0">
  <testcase classname="Tests.HomesTab" name="buttonTest" time="10.997"/>
  <system-out/>
</testsuite> <!-- Tests.HomesTab -->
