<?xml version="1.0" encoding="UTF-8"?>
<!-- Generated by org.testng.reporters.JUnitReportReporter -->
<testsuite hostname="DESKTOP-JCSSE19" failures="0" tests="1" name="Tests.HomesTab" time="9.011" errors="0" timestamp="12 Mar 2021 00:23:03 GMT">
  <testcase classname="Tests.HomesTab" name="calendarTest" time="9.011"/>
</testsuite> <!-- Tests.HomesTab -->
