<?xml version="1.0" encoding="UTF-8"?>
<!-- Generated by org.testng.reporters.JUnitReportReporter -->
<testsuite hostname="DESKTOP-JCSSE19" failures="0" tests="2" name="Tests.HomePage" time="21.473" errors="0" timestamp="15 Feb 2021 20:41:45 GMT">
  <testcase classname="Tests.HomePage" name="basePageNavigation" time="11.507"/>
  <testcase classname="Tests.HomePage" name="basePageNavigation" time="9.966"/>
</testsuite> <!-- Tests.HomePage -->
