<?xml version="1.0" encoding="UTF-8"?>
<!-- Generated by org.testng.reporters.JUnitReportReporter -->
<testsuite hostname="DESKTOP-JCSSE19" failures="0" tests="2" name="Tests.HomePage" time="25.919" errors="0" timestamp="23 Mar 2021 21:29:27 GMT">
  <testcase classname="Tests.HomePage" name="basePageNavigation" time="15.043"/>
  <testcase classname="Tests.HomePage" name="basePageNavigation" time="10.876"/>
</testsuite> <!-- Tests.HomePage -->
