<?xml version="1.0" encoding="UTF-8"?>
<!-- Generated by org.testng.reporters.JUnitReportReporter -->
<testsuite hostname="DESKTOP-JCSSE19" failures="0" tests="1" name="Tests.HomesTab" time="9.993" errors="0" timestamp="2021-04-16T00:29:57 CEST" skipped="0">
  <testcase classname="Tests.HomesTab" name="buttonTest" time="9.993"/>
  <system-out/>
</testsuite> <!-- Tests.HomesTab -->
