<?xml version="1.0" encoding="UTF-8"?>
<!-- Generated by org.testng.reporters.JUnitReportReporter -->
<testsuite hostname="DESKTOP-JCSSE19" failures="0" tests="1" name="Tests.LoginTest" time="14.051" errors="0" timestamp="2 Mar 2021 22:14:09 GMT">
  <testcase classname="Tests.LoginTest" name="loginTest" time="14.051"/>
</testsuite> <!-- Tests.LoginTest -->
