<?xml version="1.0" encoding="UTF-8"?>
<!-- Generated by org.testng.reporters.JUnitReportReporter -->
<testsuite hostname="DESKTOP-JCSSE19" failures="0" tests="1" name="Tests.ValidateHomePageTexts" time="5.937" errors="0" timestamp="15 Feb 2021 20:41:45 GMT">
  <testcase classname="Tests.ValidateHomePageTexts" name="textValidation" time="5.937"/>
</testsuite> <!-- Tests.ValidateHomePageTexts -->
