<?xml version="1.0" encoding="UTF-8"?>
<!-- Generated by org.testng.reporters.JUnitReportReporter -->
<testsuite hostname="DESKTOP-JCSSE19" failures="0" tests="2" name="Tests.HomePage" time="25.503" errors="0" timestamp="3 Mar 2021 17:04:42 GMT">
  <testcase classname="Tests.HomePage" name="basePageNavigation" time="12.726"/>
  <testcase classname="Tests.HomePage" name="basePageNavigation" time="12.777"/>
</testsuite> <!-- Tests.HomePage -->
