<?xml version="1.0" encoding="UTF-8"?>
<!-- Generated by org.testng.reporters.JUnitReportReporter -->
<testsuite hostname="DESKTOP-JCSSE19" failures="0" tests="2" name="Tests.HomePage" time="29.348" errors="0" timestamp="2 Mar 2021 22:14:09 GMT">
  <testcase classname="Tests.HomePage" name="basePageNavigation" time="14.333"/>
  <testcase classname="Tests.HomePage" name="basePageNavigation" time="15.015"/>
</testsuite> <!-- Tests.HomePage -->
