<?xml version="1.0" encoding="UTF-8"?>
<!-- Generated by org.testng.reporters.JUnitReportReporter -->
<testsuite hostname="DESKTOP-JCSSE19" failures="0" tests="2" name="Tests.HomePage" time="24.430" errors="0" timestamp="15 Mar 2021 22:34:02 GMT">
  <testcase classname="Tests.HomePage" name="basePageNavigation" time="12.437"/>
  <testcase classname="Tests.HomePage" name="basePageNavigation" time="11.993"/>
</testsuite> <!-- Tests.HomePage -->
