<?xml version="1.0" encoding="UTF-8"?>
<!-- Generated by org.testng.reporters.JUnitReportReporter -->
<testsuite hostname="DESKTOP-JCSSE19" failures="0" tests="2" name="Tests.HomePage" time="31.696" errors="0" timestamp="1 Mar 2021 23:18:33 GMT">
  <testcase classname="Tests.HomePage" name="basePageNavigation" time="16.958"/>
  <testcase classname="Tests.HomePage" name="basePageNavigation" time="14.738"/>
</testsuite> <!-- Tests.HomePage -->
